[2024-11-09T10:40:26.030+0000] {manager.py:487} INFO - Processing files using up to 2 processes at a time 
[2024-11-09T10:40:26.031+0000] {manager.py:488} INFO - Process each file at most once every 30 seconds
[2024-11-09T10:40:26.031+0000] {manager.py:490} INFO - Checking for new files in /opt/airflow/dags every 300 seconds
[2024-11-09T10:40:26.031+0000] {manager.py:758} INFO - Searching for files in /opt/airflow/dags
[2024-11-09T10:40:26.034+0000] {manager.py:761} INFO - There are 0 files in /opt/airflow/dags
[2024-11-09T10:45:26.971+0000] {manager.py:758} INFO - Searching for files in /opt/airflow/dags
[2024-11-09T10:45:26.990+0000] {manager.py:761} INFO - There are 0 files in /opt/airflow/dags
[2024-11-09T10:50:27.832+0000] {manager.py:758} INFO - Searching for files in /opt/airflow/dags
[2024-11-09T10:50:27.836+0000] {manager.py:761} INFO - There are 0 files in /opt/airflow/dags
[2024-11-09T10:55:28.756+0000] {manager.py:758} INFO - Searching for files in /opt/airflow/dags
[2024-11-09T10:55:28.761+0000] {manager.py:761} INFO - There are 0 files in /opt/airflow/dags
[2024-11-09T20:09:41.028+0000] {manager.py:487} INFO - Processing files using up to 2 processes at a time 
[2024-11-09T20:09:41.029+0000] {manager.py:488} INFO - Process each file at most once every 30 seconds
[2024-11-09T20:09:41.030+0000] {manager.py:490} INFO - Checking for new files in /opt/airflow/dags every 300 seconds
[2024-11-09T20:09:41.030+0000] {manager.py:758} INFO - Searching for files in /opt/airflow/dags
[2024-11-09T20:09:41.034+0000] {manager.py:761} INFO - There are 0 files in /opt/airflow/dags
[2024-11-09T20:14:41.249+0000] {manager.py:758} INFO - Searching for files in /opt/airflow/dags
[2024-11-09T20:14:41.257+0000] {manager.py:761} INFO - There are 0 files in /opt/airflow/dags
[2024-11-09T20:19:41.636+0000] {manager.py:758} INFO - Searching for files in /opt/airflow/dags
[2024-11-09T20:19:41.642+0000] {manager.py:761} INFO - There are 0 files in /opt/airflow/dags
[2024-11-09T20:24:42.481+0000] {manager.py:758} INFO - Searching for files in /opt/airflow/dags
[2024-11-09T20:24:42.485+0000] {manager.py:761} INFO - There are 0 files in /opt/airflow/dags
[2024-11-09T20:29:43.237+0000] {manager.py:758} INFO - Searching for files in /opt/airflow/dags
[2024-11-09T20:29:43.242+0000] {manager.py:761} INFO - There are 0 files in /opt/airflow/dags
[2024-11-09T20:34:44.223+0000] {manager.py:758} INFO - Searching for files in /opt/airflow/dags
[2024-11-09T20:34:44.228+0000] {manager.py:761} INFO - There are 0 files in /opt/airflow/dags
[2024-11-09T20:39:45.198+0000] {manager.py:758} INFO - Searching for files in /opt/airflow/dags
[2024-11-09T20:39:45.204+0000] {manager.py:761} INFO - There are 0 files in /opt/airflow/dags
[2024-11-09T20:44:45.999+0000] {manager.py:758} INFO - Searching for files in /opt/airflow/dags
[2024-11-09T20:44:46.003+0000] {manager.py:761} INFO - There are 0 files in /opt/airflow/dags
[2024-11-09T20:49:46.076+0000] {manager.py:758} INFO - Searching for files in /opt/airflow/dags
[2024-11-09T20:49:46.083+0000] {manager.py:761} INFO - There are 0 files in /opt/airflow/dags
[2024-11-09T20:51:30.541+0000] {manager.py:470} INFO - Exiting gracefully upon receiving signal 15
[2024-11-09T20:53:16.285+0000] {manager.py:487} INFO - Processing files using up to 2 processes at a time 
[2024-11-09T20:53:16.286+0000] {manager.py:488} INFO - Process each file at most once every 30 seconds
[2024-11-09T20:53:16.286+0000] {manager.py:490} INFO - Checking for new files in /opt/airflow/dags every 300 seconds
[2024-11-09T20:53:16.287+0000] {manager.py:758} INFO - Searching for files in /opt/airflow/dags
[2024-11-09T20:53:16.293+0000] {manager.py:761} INFO - There are 0 files in /opt/airflow/dags
[2024-11-09T20:58:16.779+0000] {manager.py:758} INFO - Searching for files in /opt/airflow/dags
[2024-11-09T20:58:16.786+0000] {manager.py:761} INFO - There are 0 files in /opt/airflow/dags
[2024-11-09T21:03:17.184+0000] {manager.py:758} INFO - Searching for files in /opt/airflow/dags
[2024-11-09T21:03:17.188+0000] {manager.py:761} INFO - There are 0 files in /opt/airflow/dags
[2024-11-09T21:08:17.448+0000] {manager.py:758} INFO - Searching for files in /opt/airflow/dags
[2024-11-09T21:08:17.455+0000] {manager.py:761} INFO - There are 0 files in /opt/airflow/dags
[2024-11-09T21:13:17.826+0000] {manager.py:758} INFO - Searching for files in /opt/airflow/dags
[2024-11-09T21:13:17.833+0000] {manager.py:761} INFO - There are 0 files in /opt/airflow/dags
[2024-11-09T21:18:18.439+0000] {manager.py:758} INFO - Searching for files in /opt/airflow/dags
[2024-11-09T21:18:18.446+0000] {manager.py:761} INFO - There are 0 files in /opt/airflow/dags
[2024-11-09T21:19:35.439+0000] {manager.py:470} INFO - Exiting gracefully upon receiving signal 15
[2024-11-09T21:19:44.893+0000] {manager.py:487} INFO - Processing files using up to 2 processes at a time 
[2024-11-09T21:19:44.894+0000] {manager.py:488} INFO - Process each file at most once every 30 seconds
[2024-11-09T21:19:44.894+0000] {manager.py:490} INFO - Checking for new files in /opt/airflow/dags every 300 seconds
[2024-11-09T21:19:44.895+0000] {manager.py:758} INFO - Searching for files in /opt/airflow/dags
[2024-11-09T21:19:44.897+0000] {manager.py:761} INFO - There are 0 files in /opt/airflow/dags
[2024-11-09T21:23:37.682+0000] {manager.py:470} INFO - Exiting gracefully upon receiving signal 15
[2024-11-09T21:25:02.045+0000] {manager.py:487} INFO - Processing files using up to 2 processes at a time 
[2024-11-09T21:25:02.046+0000] {manager.py:488} INFO - Process each file at most once every 30 seconds
[2024-11-09T21:25:02.046+0000] {manager.py:490} INFO - Checking for new files in /opt/airflow/dags every 300 seconds
[2024-11-09T21:25:02.046+0000] {manager.py:758} INFO - Searching for files in /opt/airflow/dags
[2024-11-09T21:25:02.048+0000] {manager.py:761} INFO - There are 0 files in /opt/airflow/dags
[2024-11-09T21:30:02.361+0000] {manager.py:758} INFO - Searching for files in /opt/airflow/dags
[2024-11-09T21:30:02.366+0000] {manager.py:761} INFO - There are 0 files in /opt/airflow/dags
[2024-11-09T21:35:02.616+0000] {manager.py:758} INFO - Searching for files in /opt/airflow/dags
[2024-11-09T21:35:02.624+0000] {manager.py:761} INFO - There are 0 files in /opt/airflow/dags
[2024-11-09T21:40:02.864+0000] {manager.py:758} INFO - Searching for files in /opt/airflow/dags
[2024-11-09T21:40:02.871+0000] {manager.py:761} INFO - There are 0 files in /opt/airflow/dags
[2024-11-09T21:42:07.560+0000] {manager.py:470} INFO - Exiting gracefully upon receiving signal 15
[2024-11-09T21:53:36.014+0000] {manager.py:487} INFO - Processing files using up to 2 processes at a time 
[2024-11-09T21:53:36.014+0000] {manager.py:488} INFO - Process each file at most once every 30 seconds
[2024-11-09T21:53:36.015+0000] {manager.py:490} INFO - Checking for new files in /opt/airflow/dags every 300 seconds
[2024-11-09T21:53:36.015+0000] {manager.py:758} INFO - Searching for files in /opt/airflow/dags
[2024-11-09T21:53:36.018+0000] {manager.py:761} INFO - There are 0 files in /opt/airflow/dags
[2024-11-09T21:58:36.337+0000] {manager.py:758} INFO - Searching for files in /opt/airflow/dags
[2024-11-09T21:58:36.345+0000] {manager.py:761} INFO - There are 0 files in /opt/airflow/dags
[2024-11-09T22:03:36.834+0000] {manager.py:758} INFO - Searching for files in /opt/airflow/dags
[2024-11-09T22:03:36.846+0000] {manager.py:761} INFO - There are 0 files in /opt/airflow/dags
[2024-11-09T22:06:24.380+0000] {manager.py:470} INFO - Exiting gracefully upon receiving signal 15
[2024-11-09T22:06:44.656+0000] {manager.py:487} INFO - Processing files using up to 2 processes at a time 
[2024-11-09T22:06:44.657+0000] {manager.py:488} INFO - Process each file at most once every 30 seconds
[2024-11-09T22:06:44.658+0000] {manager.py:490} INFO - Checking for new files in /opt/airflow/dags every 300 seconds
[2024-11-09T22:06:44.658+0000] {manager.py:758} INFO - Searching for files in /opt/airflow/dags
[2024-11-09T22:06:44.661+0000] {manager.py:761} INFO - There are 0 files in /opt/airflow/dags
[2024-11-09T22:11:45.051+0000] {manager.py:758} INFO - Searching for files in /opt/airflow/dags
[2024-11-09T22:11:45.059+0000] {manager.py:761} INFO - There are 0 files in /opt/airflow/dags
[2024-11-09T22:16:05.703+0000] {manager.py:470} INFO - Exiting gracefully upon receiving signal 15
[2024-11-09T22:17:31.464+0000] {manager.py:487} INFO - Processing files using up to 2 processes at a time 
[2024-11-09T22:17:31.465+0000] {manager.py:488} INFO - Process each file at most once every 30 seconds
[2024-11-09T22:17:31.465+0000] {manager.py:490} INFO - Checking for new files in /opt/airflow/dags every 300 seconds
[2024-11-09T22:17:31.466+0000] {manager.py:758} INFO - Searching for files in /opt/airflow/dags
[2024-11-09T22:17:31.470+0000] {manager.py:761} INFO - There are 0 files in /opt/airflow/dags
[2024-11-09T22:19:02.720+0000] {manager.py:470} INFO - Exiting gracefully upon receiving signal 15
[2024-11-09T22:19:33.295+0000] {manager.py:487} INFO - Processing files using up to 2 processes at a time 
[2024-11-09T22:19:33.296+0000] {manager.py:488} INFO - Process each file at most once every 30 seconds
[2024-11-09T22:19:33.296+0000] {manager.py:490} INFO - Checking for new files in /opt/airflow/dags every 300 seconds
[2024-11-09T22:19:33.297+0000] {manager.py:758} INFO - Searching for files in /opt/airflow/dags
[2024-11-09T22:19:33.300+0000] {manager.py:761} INFO - There are 0 files in /opt/airflow/dags
[2024-11-09T22:24:33.694+0000] {manager.py:758} INFO - Searching for files in /opt/airflow/dags
[2024-11-09T22:24:33.711+0000] {manager.py:761} INFO - There are 0 files in /opt/airflow/dags
[2024-11-09T22:29:33.841+0000] {manager.py:758} INFO - Searching for files in /opt/airflow/dags
[2024-11-09T22:29:33.847+0000] {manager.py:761} INFO - There are 0 files in /opt/airflow/dags
[2024-11-09T22:29:42.857+0000] {manager.py:470} INFO - Exiting gracefully upon receiving signal 15
[2024-11-09T22:31:26.248+0000] {manager.py:487} INFO - Processing files using up to 2 processes at a time 
[2024-11-09T22:31:26.248+0000] {manager.py:488} INFO - Process each file at most once every 30 seconds
[2024-11-09T22:31:26.249+0000] {manager.py:490} INFO - Checking for new files in /opt/airflow/dags every 300 seconds
[2024-11-09T22:31:26.249+0000] {manager.py:758} INFO - Searching for files in /opt/airflow/dags
[2024-11-09T22:31:26.253+0000] {manager.py:761} INFO - There are 0 files in /opt/airflow/dags
[2024-11-09T22:36:26.512+0000] {manager.py:758} INFO - Searching for files in /opt/airflow/dags
[2024-11-09T22:36:26.516+0000] {manager.py:761} INFO - There are 0 files in /opt/airflow/dags
[2024-11-09T22:39:37.015+0000] {manager.py:470} INFO - Exiting gracefully upon receiving signal 15
[2024-11-09T22:39:54.308+0000] {manager.py:487} INFO - Processing files using up to 2 processes at a time 
[2024-11-09T22:39:54.309+0000] {manager.py:488} INFO - Process each file at most once every 30 seconds
[2024-11-09T22:39:54.310+0000] {manager.py:490} INFO - Checking for new files in /opt/airflow/dags every 300 seconds
[2024-11-09T22:39:54.311+0000] {manager.py:758} INFO - Searching for files in /opt/airflow/dags
[2024-11-09T22:39:54.339+0000] {manager.py:761} INFO - There are 1 files in /opt/airflow/dags
[2024-11-09T22:39:55.911+0000] {manager.py:889} INFO - 
================================================================================
DAG File Processing Stats

File Path                    PID  Runtime      # DAGs    # Errors  Last Runtime    Last Run
-------------------------  -----  ---------  --------  ----------  --------------  ----------
/opt/airflow/dags/test.py    183  0.03s             0           0
================================================================================
[2024-11-09T22:40:26.308+0000] {manager.py:889} INFO - 
================================================================================
DAG File Processing Stats

File Path                    PID  Runtime      # DAGs    # Errors  Last Runtime    Last Run
-------------------------  -----  ---------  --------  ----------  --------------  -------------------
/opt/airflow/dags/test.py    188  0.01s             0           1  0.11s           2024-11-09T22:39:55
================================================================================
[2024-11-09T22:40:56.768+0000] {manager.py:889} INFO - 
================================================================================
DAG File Processing Stats

File Path                    PID  Runtime      # DAGs    # Errors  Last Runtime    Last Run
-------------------------  -----  ---------  --------  ----------  --------------  -------------------
/opt/airflow/dags/test.py    193  0.00s             0           1  0.07s           2024-11-09T22:40:26
================================================================================
[2024-11-09T22:41:27.219+0000] {manager.py:889} INFO - 
================================================================================
DAG File Processing Stats

File Path                    PID  Runtime      # DAGs    # Errors  Last Runtime    Last Run
-------------------------  -----  ---------  --------  ----------  --------------  -------------------
/opt/airflow/dags/test.py    198  0.01s             0           1  0.05s           2024-11-09T22:40:56
================================================================================
[2024-11-09T22:41:57.668+0000] {manager.py:889} INFO - 
================================================================================
DAG File Processing Stats

File Path                    PID  Runtime      # DAGs    # Errors  Last Runtime    Last Run
-------------------------  -----  ---------  --------  ----------  --------------  -------------------
/opt/airflow/dags/test.py    203  0.01s             0           1  0.06s           2024-11-09T22:41:27
================================================================================
[2024-11-09T22:42:28.123+0000] {manager.py:889} INFO - 
================================================================================
DAG File Processing Stats

File Path                    PID  Runtime      # DAGs    # Errors  Last Runtime    Last Run
-------------------------  -----  ---------  --------  ----------  --------------  -------------------
/opt/airflow/dags/test.py    208  0.00s             0           1  0.05s           2024-11-09T22:41:57
================================================================================
[2024-11-09T22:42:58.185+0000] {manager.py:470} INFO - Exiting gracefully upon receiving signal 15
[2024-11-09T22:44:39.450+0000] {manager.py:487} INFO - Processing files using up to 2 processes at a time 
[2024-11-09T22:44:39.451+0000] {manager.py:488} INFO - Process each file at most once every 30 seconds
[2024-11-09T22:44:39.451+0000] {manager.py:490} INFO - Checking for new files in /opt/airflow/dags every 300 seconds
[2024-11-09T22:44:39.451+0000] {manager.py:758} INFO - Searching for files in /opt/airflow/dags
[2024-11-09T22:44:39.470+0000] {manager.py:761} INFO - There are 1 files in /opt/airflow/dags
[2024-11-09T22:44:41.053+0000] {manager.py:889} INFO - 
================================================================================
DAG File Processing Stats

File Path                    PID  Runtime      # DAGs    # Errors  Last Runtime    Last Run
-------------------------  -----  ---------  --------  ----------  --------------  ----------
/opt/airflow/dags/test.py    188  0.02s             0           0
================================================================================
[2024-11-09T22:45:11.402+0000] {manager.py:889} INFO - 
================================================================================
DAG File Processing Stats

File Path                    PID  Runtime      # DAGs    # Errors  Last Runtime    Last Run
-------------------------  -----  ---------  --------  ----------  --------------  -------------------
/opt/airflow/dags/test.py    193  0.01s             0           1  0.15s           2024-11-09T22:44:41
================================================================================
[2024-11-09T22:45:41.869+0000] {manager.py:889} INFO - 
================================================================================
DAG File Processing Stats

File Path                    PID  Runtime      # DAGs    # Errors  Last Runtime    Last Run
-------------------------  -----  ---------  --------  ----------  --------------  -------------------
/opt/airflow/dags/test.py    198  0.01s             0           1  0.05s           2024-11-09T22:45:11
================================================================================
[2024-11-09T22:46:12.329+0000] {manager.py:889} INFO - 
================================================================================
DAG File Processing Stats

File Path                    PID  Runtime      # DAGs    # Errors  Last Runtime    Last Run
-------------------------  -----  ---------  --------  ----------  --------------  -------------------
/opt/airflow/dags/test.py    203  0.01s             0           1  0.05s           2024-11-09T22:45:41
================================================================================
[2024-11-09T22:46:42.762+0000] {manager.py:889} INFO - 
================================================================================
DAG File Processing Stats

File Path                    PID  Runtime      # DAGs    # Errors  Last Runtime    Last Run
-------------------------  -----  ---------  --------  ----------  --------------  -------------------
/opt/airflow/dags/test.py    208  0.00s             0           1  0.07s           2024-11-09T22:46:12
================================================================================
[2024-11-09T22:46:58.915+0000] {manager.py:1134} WARNING - Skipping processing of missing file: /opt/airflow/dags/test.py
[2024-11-09T22:49:39.892+0000] {manager.py:758} INFO - Searching for files in /opt/airflow/dags
[2024-11-09T22:49:39.907+0000] {manager.py:761} INFO - There are 0 files in /opt/airflow/dags
[2024-11-09T22:54:40.379+0000] {manager.py:758} INFO - Searching for files in /opt/airflow/dags
[2024-11-09T22:54:40.391+0000] {manager.py:761} INFO - There are 0 files in /opt/airflow/dags
[2024-11-09T22:59:40.953+0000] {manager.py:758} INFO - Searching for files in /opt/airflow/dags
[2024-11-09T22:59:40.969+0000] {manager.py:761} INFO - There are 0 files in /opt/airflow/dags
[2024-11-09T23:04:41.162+0000] {manager.py:758} INFO - Searching for files in /opt/airflow/dags
[2024-11-09T23:04:41.178+0000] {manager.py:761} INFO - There are 0 files in /opt/airflow/dags
[2024-11-09T23:09:41.889+0000] {manager.py:758} INFO - Searching for files in /opt/airflow/dags
[2024-11-09T23:09:41.901+0000] {manager.py:761} INFO - There are 0 files in /opt/airflow/dags
[2024-11-09T23:14:42.553+0000] {manager.py:758} INFO - Searching for files in /opt/airflow/dags
[2024-11-09T23:14:42.569+0000] {manager.py:761} INFO - There are 0 files in /opt/airflow/dags
[2024-11-09T23:19:43.167+0000] {manager.py:758} INFO - Searching for files in /opt/airflow/dags
[2024-11-09T23:19:43.180+0000] {manager.py:761} INFO - There are 0 files in /opt/airflow/dags
[2024-11-09T23:24:43.618+0000] {manager.py:758} INFO - Searching for files in /opt/airflow/dags
[2024-11-09T23:24:43.629+0000] {manager.py:761} INFO - There are 0 files in /opt/airflow/dags
[2024-11-09T23:29:44.620+0000] {manager.py:758} INFO - Searching for files in /opt/airflow/dags
[2024-11-09T23:29:44.636+0000] {manager.py:761} INFO - There are 0 files in /opt/airflow/dags
[2024-11-09T23:34:45.057+0000] {manager.py:758} INFO - Searching for files in /opt/airflow/dags
[2024-11-09T23:34:45.070+0000] {manager.py:761} INFO - There are 0 files in /opt/airflow/dags
[2024-11-09T23:39:45.609+0000] {manager.py:758} INFO - Searching for files in /opt/airflow/dags
[2024-11-09T23:39:45.619+0000] {manager.py:761} INFO - There are 0 files in /opt/airflow/dags
[2024-11-09T23:44:46.206+0000] {manager.py:758} INFO - Searching for files in /opt/airflow/dags
[2024-11-09T23:44:46.221+0000] {manager.py:761} INFO - There are 0 files in /opt/airflow/dags
[2024-11-09T23:49:47.143+0000] {manager.py:758} INFO - Searching for files in /opt/airflow/dags
[2024-11-09T23:49:47.157+0000] {manager.py:761} INFO - There are 0 files in /opt/airflow/dags
[2024-11-09T23:54:48.047+0000] {manager.py:758} INFO - Searching for files in /opt/airflow/dags
[2024-11-09T23:54:48.057+0000] {manager.py:761} INFO - There are 0 files in /opt/airflow/dags
[2024-11-09T23:59:48.934+0000] {manager.py:758} INFO - Searching for files in /opt/airflow/dags
[2024-11-09T23:59:48.967+0000] {manager.py:761} INFO - There are 0 files in /opt/airflow/dags
[2024-11-10T00:04:48.935+0000] {manager.py:758} INFO - Searching for files in /opt/airflow/dags
[2024-11-10T00:04:48.947+0000] {manager.py:761} INFO - There are 0 files in /opt/airflow/dags
[2024-11-11T01:04:05.067+0000] {manager.py:487} INFO - Processing files using up to 2 processes at a time 
[2024-11-11T01:04:05.072+0000] {manager.py:488} INFO - Process each file at most once every 30 seconds
[2024-11-11T01:04:05.073+0000] {manager.py:490} INFO - Checking for new files in /opt/airflow/dags every 300 seconds
[2024-11-11T01:04:05.074+0000] {manager.py:758} INFO - Searching for files in /opt/airflow/dags
[2024-11-11T01:04:05.093+0000] {manager.py:761} INFO - There are 0 files in /opt/airflow/dags
[2024-11-11T01:09:05.735+0000] {manager.py:758} INFO - Searching for files in /opt/airflow/dags
[2024-11-11T01:09:05.746+0000] {manager.py:761} INFO - There are 0 files in /opt/airflow/dags
[2024-11-11T01:12:57.259+0000] {manager.py:470} INFO - Exiting gracefully upon receiving signal 15
[2024-11-11T01:13:13.394+0000] {manager.py:487} INFO - Processing files using up to 2 processes at a time 
[2024-11-11T01:13:13.395+0000] {manager.py:488} INFO - Process each file at most once every 30 seconds
[2024-11-11T01:13:13.395+0000] {manager.py:490} INFO - Checking for new files in /opt/airflow/dags every 300 seconds
[2024-11-11T01:13:13.396+0000] {manager.py:758} INFO - Searching for files in /opt/airflow/dags
[2024-11-11T01:13:13.413+0000] {manager.py:761} INFO - There are 0 files in /opt/airflow/dags
[2024-11-11T01:13:35.865+0000] {manager.py:470} INFO - Exiting gracefully upon receiving signal 15
[2024-11-11T01:14:51.549+0000] {manager.py:487} INFO - Processing files using up to 2 processes at a time 
[2024-11-11T01:14:51.550+0000] {manager.py:488} INFO - Process each file at most once every 30 seconds
[2024-11-11T01:14:51.550+0000] {manager.py:490} INFO - Checking for new files in /opt/airflow/dags every 300 seconds
[2024-11-11T01:14:51.550+0000] {manager.py:758} INFO - Searching for files in /opt/airflow/dags
[2024-11-11T01:14:51.558+0000] {manager.py:761} INFO - There are 0 files in /opt/airflow/dags
[2024-11-11T01:17:34.811+0000] {manager.py:470} INFO - Exiting gracefully upon receiving signal 15
[2024-11-11T01:17:47.166+0000] {manager.py:487} INFO - Processing files using up to 2 processes at a time 
[2024-11-11T01:17:47.166+0000] {manager.py:488} INFO - Process each file at most once every 30 seconds
[2024-11-11T01:17:47.166+0000] {manager.py:490} INFO - Checking for new files in /opt/airflow/dags every 300 seconds
[2024-11-11T01:17:47.167+0000] {manager.py:758} INFO - Searching for files in /opt/airflow/dags
[2024-11-11T01:17:47.176+0000] {manager.py:761} INFO - There are 0 files in /opt/airflow/dags
[2024-11-11T01:21:07.854+0000] {manager.py:470} INFO - Exiting gracefully upon receiving signal 15
[2024-11-11T01:21:21.284+0000] {manager.py:487} INFO - Processing files using up to 2 processes at a time 
[2024-11-11T01:21:21.284+0000] {manager.py:488} INFO - Process each file at most once every 30 seconds
[2024-11-11T01:21:21.285+0000] {manager.py:490} INFO - Checking for new files in /opt/airflow/dags every 300 seconds
[2024-11-11T01:21:21.285+0000] {manager.py:758} INFO - Searching for files in /opt/airflow/dags
[2024-11-11T01:21:21.293+0000] {manager.py:761} INFO - There are 0 files in /opt/airflow/dags
[2024-11-11T01:22:19.144+0000] {manager.py:470} INFO - Exiting gracefully upon receiving signal 15
[2024-11-11T01:22:32.422+0000] {manager.py:487} INFO - Processing files using up to 2 processes at a time 
[2024-11-11T01:22:32.423+0000] {manager.py:488} INFO - Process each file at most once every 30 seconds
[2024-11-11T01:22:32.423+0000] {manager.py:490} INFO - Checking for new files in /opt/airflow/dags every 300 seconds
[2024-11-11T01:22:32.424+0000] {manager.py:758} INFO - Searching for files in /opt/airflow/dags
[2024-11-11T01:22:32.444+0000] {manager.py:761} INFO - There are 0 files in /opt/airflow/dags
[2024-11-11T01:25:08.094+0000] {manager.py:470} INFO - Exiting gracefully upon receiving signal 15
[2024-11-11T01:25:22.037+0000] {manager.py:487} INFO - Processing files using up to 2 processes at a time 
[2024-11-11T01:25:22.038+0000] {manager.py:488} INFO - Process each file at most once every 30 seconds
[2024-11-11T01:25:22.039+0000] {manager.py:490} INFO - Checking for new files in /opt/airflow/dags every 300 seconds
[2024-11-11T01:25:22.039+0000] {manager.py:758} INFO - Searching for files in /opt/airflow/dags
[2024-11-11T01:25:22.052+0000] {manager.py:761} INFO - There are 0 files in /opt/airflow/dags
[2024-11-11T01:30:22.606+0000] {manager.py:758} INFO - Searching for files in /opt/airflow/dags
[2024-11-11T01:30:22.613+0000] {manager.py:761} INFO - There are 0 files in /opt/airflow/dags
[2024-11-11T01:35:22.664+0000] {manager.py:758} INFO - Searching for files in /opt/airflow/dags
[2024-11-11T01:35:22.678+0000] {manager.py:761} INFO - There are 0 files in /opt/airflow/dags
[2024-11-11T01:40:22.796+0000] {manager.py:758} INFO - Searching for files in /opt/airflow/dags
[2024-11-11T01:40:22.810+0000] {manager.py:761} INFO - There are 0 files in /opt/airflow/dags
[2024-11-11T01:45:23.777+0000] {manager.py:758} INFO - Searching for files in /opt/airflow/dags
[2024-11-11T01:45:23.793+0000] {manager.py:761} INFO - There are 0 files in /opt/airflow/dags
[2024-11-11T01:50:23.852+0000] {manager.py:758} INFO - Searching for files in /opt/airflow/dags
[2024-11-11T01:50:23.868+0000] {manager.py:761} INFO - There are 0 files in /opt/airflow/dags
[2024-11-11T01:55:24.348+0000] {manager.py:758} INFO - Searching for files in /opt/airflow/dags
[2024-11-11T01:55:24.364+0000] {manager.py:761} INFO - There are 0 files in /opt/airflow/dags
[2024-11-11T02:00:25.141+0000] {manager.py:758} INFO - Searching for files in /opt/airflow/dags
[2024-11-11T02:00:25.156+0000] {manager.py:761} INFO - There are 0 files in /opt/airflow/dags
[2024-11-11T02:05:25.529+0000] {manager.py:758} INFO - Searching for files in /opt/airflow/dags
[2024-11-11T02:05:25.539+0000] {manager.py:761} INFO - There are 0 files in /opt/airflow/dags
[2024-11-11T02:10:26.252+0000] {manager.py:758} INFO - Searching for files in /opt/airflow/dags
[2024-11-11T02:10:26.269+0000] {manager.py:761} INFO - There are 0 files in /opt/airflow/dags
[2024-11-11T02:15:27.061+0000] {manager.py:758} INFO - Searching for files in /opt/airflow/dags
[2024-11-11T02:15:27.069+0000] {manager.py:761} INFO - There are 0 files in /opt/airflow/dags
[2024-11-11T02:20:27.261+0000] {manager.py:758} INFO - Searching for files in /opt/airflow/dags
[2024-11-11T02:20:27.277+0000] {manager.py:761} INFO - There are 0 files in /opt/airflow/dags
[2024-11-11T02:25:27.507+0000] {manager.py:758} INFO - Searching for files in /opt/airflow/dags
[2024-11-11T02:25:27.526+0000] {manager.py:761} INFO - There are 0 files in /opt/airflow/dags
[2024-11-11T02:30:28.117+0000] {manager.py:758} INFO - Searching for files in /opt/airflow/dags
[2024-11-11T02:30:28.131+0000] {manager.py:761} INFO - There are 0 files in /opt/airflow/dags
[2024-11-11T02:35:29.008+0000] {manager.py:758} INFO - Searching for files in /opt/airflow/dags
[2024-11-11T02:35:29.019+0000] {manager.py:761} INFO - There are 0 files in /opt/airflow/dags
[2024-11-11T02:40:29.106+0000] {manager.py:758} INFO - Searching for files in /opt/airflow/dags
[2024-11-11T02:40:29.121+0000] {manager.py:761} INFO - There are 0 files in /opt/airflow/dags
[2024-11-11T02:45:30.089+0000] {manager.py:758} INFO - Searching for files in /opt/airflow/dags
[2024-11-11T02:45:30.105+0000] {manager.py:761} INFO - There are 0 files in /opt/airflow/dags
[2024-11-11T02:50:30.114+0000] {manager.py:758} INFO - Searching for files in /opt/airflow/dags
[2024-11-11T02:50:30.130+0000] {manager.py:761} INFO - There are 0 files in /opt/airflow/dags
[2024-11-11T02:55:31.069+0000] {manager.py:758} INFO - Searching for files in /opt/airflow/dags
[2024-11-11T02:55:31.087+0000] {manager.py:761} INFO - There are 0 files in /opt/airflow/dags
[2024-11-11T03:00:31.428+0000] {manager.py:758} INFO - Searching for files in /opt/airflow/dags
[2024-11-11T03:00:31.447+0000] {manager.py:761} INFO - There are 0 files in /opt/airflow/dags
[2024-11-11T03:05:31.946+0000] {manager.py:758} INFO - Searching for files in /opt/airflow/dags
[2024-11-11T03:05:31.956+0000] {manager.py:761} INFO - There are 0 files in /opt/airflow/dags
[2024-11-11T03:10:32.459+0000] {manager.py:758} INFO - Searching for files in /opt/airflow/dags
[2024-11-11T03:10:32.473+0000] {manager.py:761} INFO - There are 0 files in /opt/airflow/dags
[2024-11-11T03:15:32.979+0000] {manager.py:758} INFO - Searching for files in /opt/airflow/dags
[2024-11-11T03:15:32.993+0000] {manager.py:761} INFO - There are 0 files in /opt/airflow/dags
[2024-11-11T03:20:33.595+0000] {manager.py:758} INFO - Searching for files in /opt/airflow/dags
[2024-11-11T03:20:33.608+0000] {manager.py:761} INFO - There are 0 files in /opt/airflow/dags
[2024-11-11T03:25:34.106+0000] {manager.py:758} INFO - Searching for files in /opt/airflow/dags
[2024-11-11T03:25:34.119+0000] {manager.py:761} INFO - There are 0 files in /opt/airflow/dags
[2024-11-11T03:30:34.245+0000] {manager.py:758} INFO - Searching for files in /opt/airflow/dags
[2024-11-11T03:30:34.264+0000] {manager.py:761} INFO - There are 0 files in /opt/airflow/dags
[2024-11-11T03:35:35.026+0000] {manager.py:758} INFO - Searching for files in /opt/airflow/dags
[2024-11-11T03:35:35.039+0000] {manager.py:761} INFO - There are 0 files in /opt/airflow/dags
[2024-11-11T03:40:35.939+0000] {manager.py:758} INFO - Searching for files in /opt/airflow/dags
[2024-11-11T03:40:35.953+0000] {manager.py:761} INFO - There are 0 files in /opt/airflow/dags
[2024-11-11T03:45:36.127+0000] {manager.py:758} INFO - Searching for files in /opt/airflow/dags
[2024-11-11T03:45:36.142+0000] {manager.py:761} INFO - There are 0 files in /opt/airflow/dags
[2024-11-11T03:50:36.182+0000] {manager.py:758} INFO - Searching for files in /opt/airflow/dags
[2024-11-11T03:50:36.195+0000] {manager.py:761} INFO - There are 0 files in /opt/airflow/dags
[2024-11-11T03:55:36.634+0000] {manager.py:758} INFO - Searching for files in /opt/airflow/dags
[2024-11-11T03:55:36.649+0000] {manager.py:761} INFO - There are 0 files in /opt/airflow/dags
[2024-11-11T04:00:37.466+0000] {manager.py:758} INFO - Searching for files in /opt/airflow/dags
[2024-11-11T04:00:37.483+0000] {manager.py:761} INFO - There are 0 files in /opt/airflow/dags
[2024-11-11T04:05:38.053+0000] {manager.py:758} INFO - Searching for files in /opt/airflow/dags
[2024-11-11T04:05:38.068+0000] {manager.py:761} INFO - There are 0 files in /opt/airflow/dags
[2024-11-11T04:10:38.283+0000] {manager.py:758} INFO - Searching for files in /opt/airflow/dags
[2024-11-11T04:10:38.300+0000] {manager.py:761} INFO - There are 0 files in /opt/airflow/dags
[2024-11-11T04:15:38.286+0000] {manager.py:758} INFO - Searching for files in /opt/airflow/dags
[2024-11-11T04:15:38.299+0000] {manager.py:761} INFO - There are 0 files in /opt/airflow/dags
[2024-11-11T04:20:38.643+0000] {manager.py:758} INFO - Searching for files in /opt/airflow/dags
[2024-11-11T04:20:38.657+0000] {manager.py:761} INFO - There are 0 files in /opt/airflow/dags
[2024-11-11T04:25:38.961+0000] {manager.py:758} INFO - Searching for files in /opt/airflow/dags
[2024-11-11T04:25:38.975+0000] {manager.py:761} INFO - There are 0 files in /opt/airflow/dags
[2024-11-11T04:30:39.815+0000] {manager.py:758} INFO - Searching for files in /opt/airflow/dags
[2024-11-11T04:30:39.833+0000] {manager.py:761} INFO - There are 0 files in /opt/airflow/dags
[2024-11-11T04:35:40.458+0000] {manager.py:758} INFO - Searching for files in /opt/airflow/dags
[2024-11-11T04:35:40.473+0000] {manager.py:761} INFO - There are 0 files in /opt/airflow/dags
[2024-11-11T04:40:40.933+0000] {manager.py:758} INFO - Searching for files in /opt/airflow/dags
[2024-11-11T04:40:40.948+0000] {manager.py:761} INFO - There are 0 files in /opt/airflow/dags
[2024-11-11T04:45:41.265+0000] {manager.py:758} INFO - Searching for files in /opt/airflow/dags
[2024-11-11T04:45:41.279+0000] {manager.py:761} INFO - There are 0 files in /opt/airflow/dags
[2024-11-11T04:50:42.047+0000] {manager.py:758} INFO - Searching for files in /opt/airflow/dags
[2024-11-11T04:50:42.057+0000] {manager.py:761} INFO - There are 0 files in /opt/airflow/dags
[2024-11-11T04:55:42.387+0000] {manager.py:758} INFO - Searching for files in /opt/airflow/dags
[2024-11-11T04:55:42.401+0000] {manager.py:761} INFO - There are 0 files in /opt/airflow/dags
[2024-11-11T05:00:42.652+0000] {manager.py:758} INFO - Searching for files in /opt/airflow/dags
[2024-11-11T05:00:42.667+0000] {manager.py:761} INFO - There are 0 files in /opt/airflow/dags
[2024-11-11T05:05:43.601+0000] {manager.py:758} INFO - Searching for files in /opt/airflow/dags
[2024-11-11T05:05:43.617+0000] {manager.py:761} INFO - There are 0 files in /opt/airflow/dags
[2024-11-11T05:10:43.860+0000] {manager.py:758} INFO - Searching for files in /opt/airflow/dags
[2024-11-11T05:10:43.872+0000] {manager.py:761} INFO - There are 0 files in /opt/airflow/dags
[2024-11-11T05:15:44.320+0000] {manager.py:758} INFO - Searching for files in /opt/airflow/dags
[2024-11-11T05:15:44.335+0000] {manager.py:761} INFO - There are 0 files in /opt/airflow/dags
[2024-11-11T05:20:44.609+0000] {manager.py:758} INFO - Searching for files in /opt/airflow/dags
[2024-11-11T05:20:44.624+0000] {manager.py:761} INFO - There are 0 files in /opt/airflow/dags
[2024-11-11T06:01:45.144+0000] {manager.py:758} INFO - Searching for files in /opt/airflow/dags
[2024-11-11T06:01:45.233+0000] {manager.py:761} INFO - There are 0 files in /opt/airflow/dags
[2024-11-11T06:06:45.403+0000] {manager.py:758} INFO - Searching for files in /opt/airflow/dags
[2024-11-11T06:06:45.415+0000] {manager.py:761} INFO - There are 0 files in /opt/airflow/dags
[2024-11-11T06:11:46.129+0000] {manager.py:758} INFO - Searching for files in /opt/airflow/dags
[2024-11-11T06:11:46.145+0000] {manager.py:761} INFO - There are 0 files in /opt/airflow/dags
[2024-11-11T06:16:46.274+0000] {manager.py:758} INFO - Searching for files in /opt/airflow/dags
[2024-11-11T06:16:46.289+0000] {manager.py:761} INFO - There are 0 files in /opt/airflow/dags
[2024-11-11T06:21:46.466+0000] {manager.py:758} INFO - Searching for files in /opt/airflow/dags
[2024-11-11T06:21:46.482+0000] {manager.py:761} INFO - There are 0 files in /opt/airflow/dags
[2024-11-11T06:26:46.937+0000] {manager.py:758} INFO - Searching for files in /opt/airflow/dags
[2024-11-11T06:26:46.953+0000] {manager.py:761} INFO - There are 0 files in /opt/airflow/dags
[2024-11-11T06:31:47.035+0000] {manager.py:758} INFO - Searching for files in /opt/airflow/dags
[2024-11-11T06:31:47.045+0000] {manager.py:761} INFO - There are 0 files in /opt/airflow/dags
[2024-11-11T06:36:47.579+0000] {manager.py:758} INFO - Searching for files in /opt/airflow/dags
[2024-11-11T06:36:47.592+0000] {manager.py:761} INFO - There are 0 files in /opt/airflow/dags
[2024-11-11T06:41:48.576+0000] {manager.py:758} INFO - Searching for files in /opt/airflow/dags
[2024-11-11T06:41:48.613+0000] {manager.py:761} INFO - There are 0 files in /opt/airflow/dags
[2024-11-11T06:46:49.427+0000] {manager.py:758} INFO - Searching for files in /opt/airflow/dags
[2024-11-11T06:46:49.438+0000] {manager.py:761} INFO - There are 0 files in /opt/airflow/dags
[2024-11-11T06:51:50.001+0000] {manager.py:758} INFO - Searching for files in /opt/airflow/dags
[2024-11-11T06:51:50.018+0000] {manager.py:761} INFO - There are 0 files in /opt/airflow/dags
[2024-11-11T06:56:50.318+0000] {manager.py:758} INFO - Searching for files in /opt/airflow/dags
[2024-11-11T06:56:50.326+0000] {manager.py:761} INFO - There are 0 files in /opt/airflow/dags
[2024-11-11T07:01:50.753+0000] {manager.py:758} INFO - Searching for files in /opt/airflow/dags
[2024-11-11T07:01:50.769+0000] {manager.py:761} INFO - There are 0 files in /opt/airflow/dags
[2024-11-11T07:06:51.430+0000] {manager.py:758} INFO - Searching for files in /opt/airflow/dags
[2024-11-11T07:06:51.446+0000] {manager.py:761} INFO - There are 0 files in /opt/airflow/dags
[2024-11-11T07:11:51.872+0000] {manager.py:758} INFO - Searching for files in /opt/airflow/dags
[2024-11-11T07:11:51.886+0000] {manager.py:761} INFO - There are 0 files in /opt/airflow/dags
[2024-11-11T07:16:52.374+0000] {manager.py:758} INFO - Searching for files in /opt/airflow/dags
[2024-11-11T07:16:52.389+0000] {manager.py:761} INFO - There are 0 files in /opt/airflow/dags
[2024-11-11T07:21:53.215+0000] {manager.py:758} INFO - Searching for files in /opt/airflow/dags
[2024-11-11T07:21:53.227+0000] {manager.py:761} INFO - There are 0 files in /opt/airflow/dags
[2024-11-11T07:26:53.760+0000] {manager.py:758} INFO - Searching for files in /opt/airflow/dags
[2024-11-11T07:26:53.774+0000] {manager.py:761} INFO - There are 0 files in /opt/airflow/dags
[2024-11-11T07:31:54.263+0000] {manager.py:758} INFO - Searching for files in /opt/airflow/dags
[2024-11-11T07:31:54.278+0000] {manager.py:761} INFO - There are 0 files in /opt/airflow/dags
[2024-11-11T07:36:55.183+0000] {manager.py:758} INFO - Searching for files in /opt/airflow/dags
[2024-11-11T07:36:55.198+0000] {manager.py:761} INFO - There are 0 files in /opt/airflow/dags
[2024-11-11T07:41:55.210+0000] {manager.py:758} INFO - Searching for files in /opt/airflow/dags
[2024-11-11T07:41:55.229+0000] {manager.py:761} INFO - There are 0 files in /opt/airflow/dags
[2024-11-11T07:46:55.862+0000] {manager.py:758} INFO - Searching for files in /opt/airflow/dags
[2024-11-11T07:46:55.878+0000] {manager.py:761} INFO - There are 0 files in /opt/airflow/dags
[2024-11-11T07:51:55.862+0000] {manager.py:758} INFO - Searching for files in /opt/airflow/dags
[2024-11-11T07:51:55.871+0000] {manager.py:761} INFO - There are 0 files in /opt/airflow/dags
[2024-11-11T07:56:56.503+0000] {manager.py:758} INFO - Searching for files in /opt/airflow/dags
[2024-11-11T07:56:56.518+0000] {manager.py:761} INFO - There are 0 files in /opt/airflow/dags
[2024-11-11T08:01:57.173+0000] {manager.py:758} INFO - Searching for files in /opt/airflow/dags
[2024-11-11T08:01:57.187+0000] {manager.py:761} INFO - There are 0 files in /opt/airflow/dags
[2024-11-11T08:06:58.071+0000] {manager.py:758} INFO - Searching for files in /opt/airflow/dags
[2024-11-11T08:06:58.106+0000] {manager.py:761} INFO - There are 0 files in /opt/airflow/dags
[2024-11-11T08:11:58.811+0000] {manager.py:758} INFO - Searching for files in /opt/airflow/dags
[2024-11-11T08:11:58.826+0000] {manager.py:761} INFO - There are 0 files in /opt/airflow/dags
[2024-11-11T08:16:59.580+0000] {manager.py:758} INFO - Searching for files in /opt/airflow/dags
[2024-11-11T08:16:59.595+0000] {manager.py:761} INFO - There are 0 files in /opt/airflow/dags
[2024-11-11T08:22:00.239+0000] {manager.py:758} INFO - Searching for files in /opt/airflow/dags
[2024-11-11T08:22:00.252+0000] {manager.py:761} INFO - There are 0 files in /opt/airflow/dags
[2024-11-11T08:27:00.729+0000] {manager.py:758} INFO - Searching for files in /opt/airflow/dags
[2024-11-11T08:27:00.777+0000] {manager.py:761} INFO - There are 0 files in /opt/airflow/dags
[2024-11-11T08:32:01.369+0000] {manager.py:758} INFO - Searching for files in /opt/airflow/dags
[2024-11-11T08:32:01.384+0000] {manager.py:761} INFO - There are 0 files in /opt/airflow/dags
[2024-11-11T08:37:01.387+0000] {manager.py:758} INFO - Searching for files in /opt/airflow/dags
[2024-11-11T08:37:01.401+0000] {manager.py:761} INFO - There are 0 files in /opt/airflow/dags
[2024-11-11T08:42:02.134+0000] {manager.py:758} INFO - Searching for files in /opt/airflow/dags
[2024-11-11T08:42:02.149+0000] {manager.py:761} INFO - There are 0 files in /opt/airflow/dags
[2024-11-11T08:47:02.950+0000] {manager.py:758} INFO - Searching for files in /opt/airflow/dags
[2024-11-11T08:47:02.964+0000] {manager.py:761} INFO - There are 0 files in /opt/airflow/dags
[2024-11-11T08:52:03.598+0000] {manager.py:758} INFO - Searching for files in /opt/airflow/dags
[2024-11-11T08:52:03.615+0000] {manager.py:761} INFO - There are 0 files in /opt/airflow/dags
[2024-11-11T08:57:03.969+0000] {manager.py:758} INFO - Searching for files in /opt/airflow/dags
[2024-11-11T08:57:03.994+0000] {manager.py:761} INFO - There are 0 files in /opt/airflow/dags
[2024-11-11T09:02:04.331+0000] {manager.py:758} INFO - Searching for files in /opt/airflow/dags
[2024-11-11T09:02:04.342+0000] {manager.py:761} INFO - There are 0 files in /opt/airflow/dags
[2024-11-11T09:07:04.709+0000] {manager.py:758} INFO - Searching for files in /opt/airflow/dags
[2024-11-11T09:07:04.725+0000] {manager.py:761} INFO - There are 0 files in /opt/airflow/dags
[2024-11-11T09:12:05.704+0000] {manager.py:758} INFO - Searching for files in /opt/airflow/dags
[2024-11-11T09:12:05.718+0000] {manager.py:761} INFO - There are 0 files in /opt/airflow/dags
[2024-11-11T09:17:06.627+0000] {manager.py:758} INFO - Searching for files in /opt/airflow/dags
[2024-11-11T09:17:06.644+0000] {manager.py:761} INFO - There are 0 files in /opt/airflow/dags
[2024-11-11T09:22:07.337+0000] {manager.py:758} INFO - Searching for files in /opt/airflow/dags
[2024-11-11T09:22:07.352+0000] {manager.py:761} INFO - There are 0 files in /opt/airflow/dags
[2024-11-11T09:27:08.187+0000] {manager.py:758} INFO - Searching for files in /opt/airflow/dags
[2024-11-11T09:27:08.202+0000] {manager.py:761} INFO - There are 0 files in /opt/airflow/dags
[2024-11-11T09:32:08.731+0000] {manager.py:758} INFO - Searching for files in /opt/airflow/dags
[2024-11-11T09:32:08.745+0000] {manager.py:761} INFO - There are 0 files in /opt/airflow/dags
[2024-11-11T09:37:09.496+0000] {manager.py:758} INFO - Searching for files in /opt/airflow/dags
[2024-11-11T09:37:09.511+0000] {manager.py:761} INFO - There are 0 files in /opt/airflow/dags
[2024-11-11T09:42:09.509+0000] {manager.py:758} INFO - Searching for files in /opt/airflow/dags
[2024-11-11T09:42:09.524+0000] {manager.py:761} INFO - There are 0 files in /opt/airflow/dags
[2024-11-11T09:47:10.381+0000] {manager.py:758} INFO - Searching for files in /opt/airflow/dags
[2024-11-11T09:47:10.394+0000] {manager.py:761} INFO - There are 0 files in /opt/airflow/dags
[2024-11-11T09:52:10.861+0000] {manager.py:758} INFO - Searching for files in /opt/airflow/dags
[2024-11-11T09:52:10.880+0000] {manager.py:761} INFO - There are 0 files in /opt/airflow/dags
[2024-11-11T09:57:11.676+0000] {manager.py:758} INFO - Searching for files in /opt/airflow/dags
[2024-11-11T09:57:11.692+0000] {manager.py:761} INFO - There are 0 files in /opt/airflow/dags
[2024-11-11T10:02:11.927+0000] {manager.py:758} INFO - Searching for files in /opt/airflow/dags
[2024-11-11T10:02:11.942+0000] {manager.py:761} INFO - There are 0 files in /opt/airflow/dags
